<?xml version="1.0" encoding="UTF-8"?>
<testsuite xmlns:xsi="http://www.w3.org/2001/XMLSchema-instance" xsi:noNamespaceSchemaLocation="https://maven.apache.org/surefire/maven-surefire-plugin/xsd/surefire-test-report-3.0.xsd" version="3.0" name="TestSuite" time="22.86" tests="1" errors="0" skipped="0" failures="0">
  <properties>
[...]
</properties>
  <testcase name="dataDrivenTest[public void test.cases.DataDrivenTest.dataDrivenTest(java.lang.reflect.Method) throws java.lang.InterruptedException,java.io.IOException](1)" classname="test.cases.DataDrivenTest" time="10.349">
    <system-out><![CDATA[[INFO ] 2023-09-17 15:08:13.260 [main] Log - Sauce Demo Test method are starting.
[INFO ] 2023-09-17 15:08:13.413 [main] Log - Automation test are starting !
[INFO ] 2023-09-17 15:08:19.504 [main] Log - https://www.saucedemo.com/
[INFO ] 2023-09-17 15:08:19.512 [main] Log - Swag Labs
[INFO ] 2023-09-17 15:08:20.163 [main] Log - dataDrivenTest test is starting.
[INFO ] 2023-09-17 15:08:23.257 [main] Log - Page Swag Labs is present!
[INFO ] 2023-09-17 15:08:27.676 [main] Log - Page Swag Labs is present!
[INFO ] 2023-09-17 15:08:28.882 [main] Log - Data all products written successfully! at path : .\poi-output\Products-SauceDemoApps[2023-09-17_15-08-28].xlsx
[INFO ] 2023-09-17 15:08:28.889 [main] Log - dataDrivenTest test is succeed.
Screenshot captured for test case : dataDrivenTest
]]></system-out>
    <system-err><![CDATA[SLF4J: Failed to load class "org.slf4j.impl.StaticLoggerBinder".
SLF4J: Defaulting to no-operation (NOP) logger implementation
SLF4J: See http://www.slf4j.org/codes.html#StaticLoggerBinder for further details.
Sep 17, 2023 3:08:13 PM org.openqa.selenium.remote.service.DriverService$Builder getLogOutput
INFO: Driver logs no longer sent to console by default; https://www.selenium.dev/documentation/webdriver/drivers/service/#setting-log-output
Sep 17, 2023 3:08:18 PM org.openqa.selenium.devtools.CdpVersionFinder findNearestMatch
WARNING: Unable to find an exact match for CDP version 116, so returning the closest version found: 114
]]></system-err>
  </testcase>
</testsuite>