<?xml version="1.0" encoding="UTF-8"?>
<testng-results ignored="0" total="1" passed="1" failed="0" skipped="0">
  <reporter-output>
  </reporter-output>
  <suite started-at="2023-09-17T15:08:55 ICT" name="Default suite" finished-at="2023-09-17T15:09:12 ICT" duration-ms="17251">
    <groups>
    </groups>
    <test started-at="2023-09-17T15:08:55 ICT" name="Default test" finished-at="2023-09-17T15:09:12 ICT" duration-ms="17251">
      <class name="test.cases.DataDrivenTest">
        <test-method is-config="true" signature="configEnvironment()[pri:0, instance:test.cases.DataDrivenTest@4715ae33]" started-at="2023-09-17T15:08:55 ICT" name="configEnvironment" finished-at="2023-09-17T15:09:01 ICT" duration-ms="5784" status="PASS">
          <reporter-output>
          </reporter-output>
        </test-method> <!-- configEnvironment -->
        <test-method is-config="true" signature="goToApps()[pri:0, instance:test.cases.DataDrivenTest@4715ae33]" started-at="2023-09-17T15:09:01 ICT" name="goToApps" finished-at="2023-09-17T15:09:02 ICT" duration-ms="1304" status="PASS">
          <reporter-output>
          </reporter-output>
        </test-method> <!-- goToApps -->
        <test-method is-config="true" signature="initClass()[pri:0, instance:test.cases.DataDrivenTest@4715ae33]" started-at="2023-09-17T15:09:02 ICT" name="initClass" finished-at="2023-09-17T15:09:02 ICT" duration-ms="194" status="PASS">
          <reporter-output>
          </reporter-output>
        </test-method> <!-- initClass -->
        <test-method signature="dataDrivenTest(java.lang.reflect.Method)[pri:0, instance:test.cases.DataDrivenTest@4715ae33]" started-at="2023-09-17T15:09:02 ICT" name="dataDrivenTest" description="Data Driven Test" finished-at="2023-09-17T15:09:11 ICT" duration-ms="9095" status="PASS">
          <params>
            <param index="0">
              <value>
                <![CDATA[public void test.cases.DataDrivenTest.dataDrivenTest(java.lang.reflect.Method) throws java.lang.InterruptedException,java.io.IOException]]>
              </value>
            </param>
          </params>
          <reporter-output>
          </reporter-output>
        </test-method> <!-- dataDrivenTest -->
        <test-method is-config="true" signature="deleteAllCookiesAfterMethod()[pri:0, instance:test.cases.DataDrivenTest@4715ae33]" started-at="2023-09-17T15:09:12 ICT" name="deleteAllCookiesAfterMethod" finished-at="2023-09-17T15:09:12 ICT" duration-ms="45" status="PASS">
          <reporter-output>
          </reporter-output>
        </test-method> <!-- deleteAllCookiesAfterMethod -->
        <test-method is-config="true" signature="tearDown()[pri:0, instance:test.cases.DataDrivenTest@4715ae33]" started-at="2023-09-17T15:09:12 ICT" name="tearDown" finished-at="2023-09-17T15:09:12 ICT" duration-ms="378" status="PASS">
          <reporter-output>
          </reporter-output>
        </test-method> <!-- tearDown -->
      </class> <!-- test.cases.DataDrivenTest -->
    </test> <!-- Default test -->
  </suite> <!-- Default suite -->
</testng-results>
